13:32:14.795 INFO      TOPAZ            ***************************************
13:32:14.796 INFO      TOPAZ            ** Execution from Topaz with options **
13:32:14.797 INFO      TOPAZ            ***************************************
13:32:14.797 INFO      TOPAZ            Using repository: false
13:32:14.797 INFO      TOPAZ            ***************************************
13:32:14.798 INFO      Engine           Test Scenario execution started
13:32:14.800 INFO      Engine           Using context settings:
  Engine Version                : 20.9.1.v20211213-1238_91
  Environment id                : 192.168.96.130:16196
  Environment type              : Batch
  Operating system              : ZOS
  zOS agent version             : NEWEST
  Server address                : 192.168.96.130
  Server port                   : 16196
  Job execution timeout seconds : 300
  Job info interval seconds     : 3
  Socket read timeout           : 30
  Encoding                      : ISO8859-1
  Codepage                      : 
  Host user Id                  : HDDRXM0
  Use Repository Server         : false
13:32:14.800 INFO      Engine           Setting variables from context and context data extensions
13:32:14.800 INFO      Engine             id: environmentId      value: 192.168.96.130:16196
13:32:14.800 INFO      Engine             id: environmentType    value: BATCH
13:32:14.800 INFO      Engine             id: userId             value: HDDRXM0
13:32:14.800 INFO      Engine             id: accountingInfo     value: 
13:32:14.800 INFO      Unittest         Interpreting Unittest of module: LGACDB01 testscenario path: LGACDB01_Scenario1.testscenario
13:32:14.805 INFO      Unittest         Static JCL is being used, path is: C:/Users/rnuesse/Compuware/Workbench/workspace_release_test/Virtualized/LGACDB01/JCL/Runner_CWCC.jcl
13:32:19.875 INFO      CWCC             Sending Job execution request to Host 
13:32:25.261 INFO      CWCC             Job execution completed with status:
  Job status     : ABEND
  Job status msg : Job HDDRXM0T(J0223435) ended with ABEND code: U0901
  Job name       : HDDRXM0T
  Job id         : J0223435
  Return code    : 
  Abend code     : S000
  Abend reason   : U0901
13:32:27.305 INFO      Unittest         Execution completed
13:32:27.305 INFO      Engine           Test Scenario execution ended
