15:00:12.350 INFO      TOPAZ            ***************************************
15:00:12.350 INFO      TOPAZ            ** Execution from Topaz with options **
15:00:12.350 INFO      TOPAZ            ***************************************
15:00:12.350 INFO      TOPAZ            Using repository: false
15:00:12.350 INFO      TOPAZ            ***************************************
15:00:12.353 INFO      Engine           Test Scenario execution started
15:00:12.354 INFO      Engine           Using context settings:
  Engine Version                : 20.9.1.v20211213-1238_91
  Environment id                : 192.168.96.130:16196
  Environment type              : Batch
  Operating system              : ZOS
  zOS agent version             : NEWEST
  Server address                : 192.168.96.130
  Server port                   : 16196
  Job execution timeout seconds : 600
  Job info interval seconds     : 3
  Socket read timeout           : 30
  Encoding                      : ISO8859-1
  Codepage                      : 
  Host user Id                  : HDDRXM0
  Use Repository Server         : false
15:00:12.354 INFO      Engine           Setting variables from context and context data extensions
15:00:12.355 INFO      Engine             id: environmentId      value: 192.168.96.130:16196
15:00:12.358 INFO      Engine             id: environmentType    value: BATCH
15:00:12.358 INFO      Engine             id: userId             value: HDDRXM0
15:00:12.358 INFO      Engine             id: accountingInfo     value: 
15:00:12.360 INFO      Unittest         Interpreting Unittest of module: CWKTDB2X testscenario path: CWKTDB2X_Scenario.testscenario
15:00:12.917 INFO      Unittest         Using JCL skeleton to submit JCL
15:00:18.475 INFO      CWCC             Sending Job execution request to Host 
15:00:23.923 INFO      CWCC             Job execution completed with status:
  Job status     : COMPLETED
  Job status msg : Job HDDRXM0T(J0223486) ended with return code: 0000
  Job name       : HDDRXM0T
  Job id         : J0223486
  Return code    : 0000
  Abend code     : 
  Abend reason   : 
15:00:26.304 INFO      Unittest         Execution completed
15:00:26.304 INFO      Engine           Test Scenario execution ended
