13:16:32.183 INFO      TOPAZ            ***************************************
13:16:32.183 INFO      TOPAZ            ** Execution from Topaz with options **
13:16:32.183 INFO      TOPAZ            ***************************************
13:16:32.183 INFO      TOPAZ            Using repository: false
13:16:32.183 INFO      TOPAZ            ***************************************
13:16:32.184 INFO      Engine           Test Scenario execution started
13:16:32.184 INFO      Engine           Using context settings:
  Engine Version                : 20.9.1.v20211213-1238_91
  Environment id                : 192.168.96.130:16196
  Environment type              : Batch
  Operating system              : ZOS
  zOS agent version             : NEWEST
  Server address                : 192.168.96.130
  Server port                   : 16196
  Job execution timeout seconds : 600
  Job info interval seconds     : 3
  Socket read timeout           : 30
  Encoding                      : ISO8859-1
  Codepage                      : 
  Host user Id                  : HDDRXM0
  Use Repository Server         : false
13:16:32.184 INFO      Engine           Setting variables from context and context data extensions
13:16:32.184 INFO      Engine             id: environmentId      value: 192.168.96.130:16196
13:16:32.184 INFO      Engine             id: environmentType    value: BATCH
13:16:32.184 INFO      Engine             id: userId             value: HDDRXM0
13:16:32.184 INFO      Engine             id: accountingInfo     value: 
13:16:32.184 INFO      Unittest         Interpreting Unittest of module: TRIMPP testscenario path: TRIMPP_Scenario.testscenario
13:16:32.189 INFO      Unittest         Using JCL skeleton to submit JCL
13:16:37.494 INFO      CWCC             Sending Job execution request to Host 
13:17:45.177 INFO      CWCC             Job execution completed with status:
  Job status     : ABEND
  Job status msg : Job HDDRXM0T(J0224448) ended with ABEND code: S322
  Job name       : HDDRXM0T
  Job id         : J0224448
  Return code    : 
  Abend code     : S322
  Abend reason   : U0000
13:17:46.929 INFO      Unittest         Execution completed
13:17:46.929 INFO      Engine           Test Scenario execution ended
