09:17:11.240 INFO      TOPAZ            ***************************************
09:17:11.241 INFO      TOPAZ            ** Execution from Topaz with options **
09:17:11.241 INFO      TOPAZ            ***************************************
09:17:11.241 INFO      TOPAZ            Using repository: true
09:17:11.241 INFO      TOPAZ            Repository URL: http://localhost:48227/totaltestapi/
09:17:11.242 INFO      TOPAZ            ***************************************
09:17:11.246 INFO      Engine           Test Scenario execution started
09:17:11.246 INFO      Engine           Using context settings:
  Engine Version                : 20.4
  Environment id                : 5f6457ad31d7ab4e8cb59b9d
  Environment type              : Batch
  Operating system              : ZOS
  zOS agent version             : NEWEST
  Server address                : cwc2.nasa.cpwr.corp
  Server port                   : 16196
  Job execution timeout seconds : 300
  Job info interval seconds     : 3
  Socket read timeout           : 30
  Encoding                      : ISO8859-1
  Codepage                      : IBM-1047
  Host user Id                  : HDDRXM0
  Use Repository Server         : true
09:17:11.247 INFO      Engine           Setting variables from context and context data extensions
09:17:11.247 INFO      Engine             id: environmentId      value: 5f6457ad31d7ab4e8cb59b9d
09:17:11.251 INFO      Engine             id: environmentType    value: BATCH
09:17:11.251 INFO      Engine             id: userId             value: HDDRXM0
09:17:11.251 INFO      Engine             id: accountingInfo     value: 
09:17:11.252 INFO      Engine             id: unittest.loadlibraries  value: 
09:17:11.252 INFO      Engine             id: unittest.staticjcl  value: ../JCL/Runner_CWC2.jcl
09:17:11.254 INFO      Unittest         Interpreting Unittest of module: CWDEMCB2 testscenario path: CWDEMCB2_Scenario1.testscenario
09:17:11.256 INFO      Unittest         Static JCL is being used, path is: C:/Users/cwde-rnuesse.EMEA/git/TTT_Release_Test/Virtualized_20.03/CWDEMCB2/JCL/Runner_CWC2.jcl
09:17:11.880 INFO      Unittest         Using local JCL skeleton to submit JCL
09:17:22.764 INFO      CWC2 Batch       Sending Job execution request to Host 
09:17:28.106 INFO      CWC2 Batch       Job execution completed with status:
  Job status     : COMPLETED
  Job status msg : Job HDDRXM0T(J0928551) ended with return code: 0000
  Job name       : HDDRXM0T
  Job id         : J0928551
  Return code    : 0000
  Abend code     : 
  Abend reason   : 
09:17:30.110 ERROR     Unittest         Unable to process TTTRunner output for the component 'CWDEMCB2'. Reason: Failed to parse binary: C:\Users\cwde-rnuesse.EMEA\git\TTT_Release_Test\Virtualized_20.03\CWDEMCB2\.temp\CWDEMCB2_Scenario1_20200930_091711.binresFailed to parse binary: C:\Users\cwde-rnuesse.EMEA\git\TTT_Release_Test\Virtualized_20.03\CWDEMCB2\.temp\CWDEMCB2_Scenario1_20200930_091711.binrescom.compuware.unittest.cli.common.TotalTestCLIException: Failed to parse binary: C:\Users\cwde-rnuesse.EMEA\git\TTT_Release_Test\Virtualized_20.03\CWDEMCB2\.temp\CWDEMCB2_Scenario1_20200930_091711.binres
09:17:30.111 ERROR     Engine           Unable to process TTTRunner output for the component 'CWDEMCB2'. Reason: Failed to parse binary: C:\Users\cwde-rnuesse.EMEA\git\TTT_Release_Test\Virtualized_20.03\CWDEMCB2\.temp\CWDEMCB2_Scenario1_20200930_091711.binres
09:17:30.111 ERROR     Engine           An error occurred. Now stopping the execution.
09:17:30.111 INFO      Engine           Test Scenario execution ended
