13:02:53.254 INFO      TOPAZ            ***************************************
13:02:53.255 INFO      TOPAZ            ** Execution from Topaz with options **
13:02:53.255 INFO      TOPAZ            ***************************************
13:02:53.256 INFO      TOPAZ            Using repository: false
13:02:53.256 INFO      TOPAZ            ***************************************
13:02:53.257 INFO      Engine           Test Scenario execution started
13:02:53.257 INFO      Engine           Using context settings:
  Engine Version                : 20.9.1.v20211213-1238_91
  Environment id                : 192.168.96.130:16196
  Environment type              : Batch
  Operating system              : ZOS
  zOS agent version             : NEWEST
  Server address                : 192.168.96.130
  Server port                   : 16196
  Job execution timeout seconds : 600
  Job info interval seconds     : 3
  Socket read timeout           : 30
  Encoding                      : ISO8859-1
  Codepage                      : 
  Host user Id                  : HDDRXM0
  Use Repository Server         : false
13:02:53.258 INFO      Engine           Setting variables from context and context data extensions
13:02:53.258 INFO      Engine             id: environmentId      value: 192.168.96.130:16196
13:02:53.258 INFO      Engine             id: environmentType    value: BATCH
13:02:53.258 INFO      Engine             id: userId             value: HDDRXM0
13:02:53.258 INFO      Engine             id: accountingInfo     value: 
13:02:53.259 INFO      Unittest         Interpreting Unittest of module: CWXTSDB2 testscenario path: CWXTSDB2_Scenario.testscenario
13:02:53.266 INFO      Unittest         Using JCL skeleton to submit JCL
13:02:58.222 INFO      CWCC             Sending Job execution request to Host 
13:03:03.626 INFO      CWCC             Job execution completed with status:
  Job status     : COMPLETED
  Job status msg : Job HDDRXM0T(J0224441) ended with return code: 0000
  Job name       : HDDRXM0T
  Job id         : J0224441
  Return code    : 0000
  Abend code     : 
  Abend reason   : 
13:03:05.611 INFO      Unittest         Execution completed
13:03:05.611 INFO      Engine           Test Scenario execution ended
