14:20:09.760 INFO      TOPAZ            ***************************************
14:20:09.761 INFO      TOPAZ            ** Execution from Topaz with options **
14:20:09.761 INFO      TOPAZ            ***************************************
14:20:09.761 INFO      TOPAZ            Using repository: false
14:20:09.761 INFO      TOPAZ            ***************************************
14:20:09.762 INFO      Engine           Test Scenario execution started
14:20:09.763 INFO      Engine           Using context settings:
  Engine Version                : 20.9.1.v20211213-1238_91
  Environment id                : 192.168.96.130:16196
  Environment type              : Batch
  Operating system              : ZOS
  zOS agent version             : NEWEST
  Server address                : 192.168.96.130
  Server port                   : 16196
  Job execution timeout seconds : 600
  Job info interval seconds     : 3
  Socket read timeout           : 30
  Encoding                      : ISO8859-1
  Codepage                      : 
  Host user Id                  : HDDRXM0
  Use Repository Server         : false
14:20:09.763 INFO      Engine           Setting variables from context and context data extensions
14:20:09.763 INFO      Engine             id: environmentId      value: 192.168.96.130:16196
14:20:09.763 INFO      Engine             id: environmentType    value: BATCH
14:20:09.763 INFO      Engine             id: userId             value: HDDRXM0
14:20:09.763 INFO      Engine             id: accountingInfo     value: 
14:20:09.763 INFO      Unittest         Interpreting Unittest of module: CWXTVSKS testscenario path: CWXTVSKS_Scenario.testscenario
14:20:09.768 INFO      Unittest         Using JCL skeleton to submit JCL
14:20:14.752 INFO      CWCC             Sending Job execution request to Host 
14:20:20.132 INFO      CWCC             Job execution completed with status:
  Job status     : COMPLETED
  Job status msg : Job HDDRXM0T(J0223462) ended with return code: 0000
  Job name       : HDDRXM0T
  Job id         : J0223462
  Return code    : 0000
  Abend code     : 
  Abend reason   : 
14:20:22.195 INFO      Unittest         Execution completed
14:20:22.195 INFO      Engine           Test Scenario execution ended
