12:17:47.835 INFO      TOPAZ            ***************************************
12:17:47.835 INFO      TOPAZ            ** Execution from Topaz with options **
12:17:47.836 INFO      TOPAZ            ***************************************
12:17:47.836 INFO      TOPAZ            Using repository: true
12:17:47.836 INFO      TOPAZ            Repository URL: http://cwcc.nasa.cpwr.corp:2020/totaltestapi/
12:17:47.836 INFO      TOPAZ            ***************************************
12:17:47.839 INFO      Engine           Test Scenario execution started
12:17:47.840 INFO      Engine           Using context settings:
  Engine Version                : 20.9.2.v20220119-0531_125
  Environment id                : 5b508b8a787be73b59238d38
  Environment type              : Batch
  Operating system              : ZOS
  zOS agent version             : NEWEST
  Server address                : cwcc.nasa.cpwr.corp
  Server port                   : 16196
  Job execution timeout seconds : 300
  Job info interval seconds     : 3
  Socket read timeout           : 30
  Encoding                      : ISO8859-1
  Codepage                      : IBM-1047
  Host user Id                  : HDDRXM0
  Use Repository Server         : false
12:17:47.840 INFO      Engine           Setting variables from context and context data extensions
12:17:47.841 INFO      Engine             id: environmentId      value: 5b508b8a787be73b59238d38
12:17:47.845 INFO      Engine             id: environmentType    value: BATCH
12:17:47.846 INFO      Engine             id: userId             value: HDDRXM0
12:17:47.846 INFO      Engine             id: accountingInfo     value: 
12:17:47.848 INFO      Unittest         Interpreting Unittest of module: CWDEMCCH testscenario path: CWDEMCCH_Scenario1.testscenario
12:17:48.357 INFO      Unittest         Static JCL is being used, path is: C:/Users/rnuesse/git/TTT_Release_Test/Virtualized_20.07/CWDEMCCH/JCL/Runner_CWCC.jcl
12:17:54.054 INFO      CWCC Batch       Sending Job execution request to Host 
12:17:59.477 INFO      CWCC Batch       Job execution completed with status:
  Job status     : COMPLETED
  Job status msg : Job HDDRXM0T(J0261549) ended with return code: 0000
  Job name       : HDDRXM0T
  Job id         : J0261549
  Return code    : 0000
  Abend code     : 
  Abend reason   : 
12:18:01.921 INFO      Unittest         Execution completed
12:18:01.921 INFO      Engine           Test Scenario execution ended
