13:53:36.571 INFO      TOPAZ            ***************************************
13:53:36.572 INFO      TOPAZ            ** Execution from Topaz with options **
13:53:36.572 INFO      TOPAZ            ***************************************
13:53:36.572 INFO      TOPAZ            Using repository: false
13:53:36.572 INFO      TOPAZ            ***************************************
13:53:36.573 INFO      Engine           Test Scenario execution started
13:53:36.573 INFO      Engine           Using context settings:
  Engine Version                : 20.9.1.v20211213-1238_91
  Environment id                : 192.168.96.130:16196
  Environment type              : Batch
  Operating system              : ZOS
  zOS agent version             : NEWEST
  Server address                : 192.168.96.130
  Server port                   : 16196
  Job execution timeout seconds : 600
  Job info interval seconds     : 3
  Socket read timeout           : 30
  Encoding                      : ISO8859-1
  Codepage                      : 
  Host user Id                  : HDDRXM0
  Use Repository Server         : false
13:53:36.573 INFO      Engine           Setting variables from context and context data extensions
13:53:36.573 INFO      Engine             id: environmentId      value: 192.168.96.130:16196
13:53:36.574 INFO      Engine             id: environmentType    value: BATCH
13:53:36.574 INFO      Engine             id: userId             value: HDDRXM0
13:53:36.574 INFO      Engine             id: accountingInfo     value: 
13:53:36.574 INFO      Unittest         Interpreting Unittest of module: TRIMPP testscenario path: TRIMPP_Scenario.testscenario
13:53:36.582 INFO      Unittest         Static JCL is being used, path is: C:/Users/rnuesse/Compuware/Workbench/workspace_release_test/Virtualized/TRIMPP/JCL/Runner_CWCC.jcl
13:53:41.382 INFO      CWCC             Sending Job execution request to Host 
13:55:04.612 ERROR     Engine           Unable to execute the job definition at the host. Unable to wait for job HDDRXM0T(J0223444). Reason: com.compuware.totaltest.common.hci.api.exceptions.HciServicesNotConnectedException: Unable to perform JES Services request: "GetJobStatus". Reason: Client is not connected.
13:55:04.613 ERROR     Engine           An error occurred. Now stopping the execution.
13:55:04.613 INFO      Engine           Test Scenario execution ended
