12:25:08.256 INFO      TOPAZ            ***************************************
12:25:08.257 INFO      TOPAZ            ** Execution from Topaz with options **
12:25:08.257 INFO      TOPAZ            ***************************************
12:25:08.258 INFO      TOPAZ            Using repository: true
12:25:08.258 INFO      TOPAZ            Repository URL: http://cwcc.nasa.cpwr.corp:2020/totaltestapi/
12:25:08.258 INFO      TOPAZ            ***************************************
12:25:08.258 INFO      Engine           Test Scenario execution started
12:25:08.259 INFO      Engine           Using context settings:
  Engine Version                : 20.9.2.v20220119-0531_125
  Environment id                : 5b508b8a787be73b59238d38
  Environment type              : Batch
  Operating system              : ZOS
  zOS agent version             : NEWEST
  Server address                : cwcc.nasa.cpwr.corp
  Server port                   : 16196
  Job execution timeout seconds : 600
  Job info interval seconds     : 3
  Socket read timeout           : 30
  Encoding                      : ISO8859-1
  Codepage                      : IBM-1047
  Host user Id                  : HDDRXM0
  Use Repository Server         : false
12:25:08.259 INFO      Engine           Setting variables from context and context data extensions
12:25:08.260 INFO      Engine             id: environmentId      value: 5b508b8a787be73b59238d38
12:25:08.260 INFO      Engine             id: environmentType    value: BATCH
12:25:08.260 INFO      Engine             id: userId             value: HDDRXM0
12:25:08.260 INFO      Engine             id: accountingInfo     value: 
12:25:08.261 INFO      Unittest         Interpreting Unittest of module: CWDEMCCH testscenario path: CWDEMCCH_Scenario4.testscenario
12:25:08.268 INFO      Unittest         Using JCL skeleton to submit JCL
12:25:13.233 INFO      CWCC Batch       Sending Job execution request to Host 
12:25:18.683 INFO      CWCC Batch       Job execution completed with status:
  Job status     : COMPLETED
  Job status msg : Job HDDRXM0A(J0261554) ended with return code: 0000
  Job name       : HDDRXM0A
  Job id         : J0261554
  Return code    : 0000
  Abend code     : 
  Abend reason   : 
12:25:20.492 INFO      Unittest         Execution completed
12:25:20.493 INFO      Engine           Test Scenario execution ended
