14:47:31.098 INFO      TOPAZ            ***************************************
14:47:31.098 INFO      TOPAZ            ** Execution from Topaz with options **
14:47:31.099 INFO      TOPAZ            ***************************************
14:47:31.100 INFO      TOPAZ            Using repository: true
14:47:31.101 INFO      TOPAZ            Repository URL: http://cwcc.nasa.cpwr.corp:2020/totaltestapi/
14:47:31.101 INFO      TOPAZ            ***************************************
14:47:31.102 INFO      Engine           Test Scenario execution started
14:47:31.102 INFO      Engine           Using context settings:
  Engine Version                : 20.7
  Environment id                : 192.168.96.130:16196
  Environment type              : Batch
  Operating system              : ZOS
  zOS agent version             : NEWEST
  Server address                : 192.168.96.130
  Server port                   : 16196
  Job execution timeout seconds : 300
  Job info interval seconds     : 3
  Socket read timeout           : 30
  Encoding                      : ISO8859-1
  Codepage                      : IBM-1047
  Host user Id                  : HDDRXM0
  Use Repository Server         : true
14:47:31.103 INFO      Engine           Setting variables from context and context data extensions
14:47:31.103 INFO      Engine             id: environmentId      value: 192.168.96.130:16196
14:47:31.104 INFO      Engine             id: environmentType    value: BATCH
14:47:31.104 INFO      Engine             id: userId             value: HDDRXM0
14:47:31.104 INFO      Engine             id: accountingInfo     value: 
14:47:31.105 INFO      Unittest         Interpreting Unittest of module: CWXTDB2 testscenario path: CWXTDB2_Scenario.testscenario
14:47:31.127 INFO      Unittest         Static JCL is being used, path is: C:/Users/rnuesse/git/TTT_Release_Test/Virtualized/CWXTDB2/JCL/Runner_CWC2.jcl
14:47:37.129 INFO      CWCC             Sending Job execution request to Host 
14:47:58.090 INFO      CWCC             Job execution completed with status:
  Job status     : COMPLETED
  Job status msg : Job HDDRXM0T(J0164136) ended with return code: 0000
  Job name       : HDDRXM0T
  Job id         : J0164136
  Return code    : 0000
  Abend code     : 
  Abend reason   : 
14:48:00.324 INFO      Unittest         Execution completed
14:48:00.324 INFO      Engine           Test Scenario execution ended
