13:27:37.891 INFO      TOPAZ            ***************************************
13:27:37.892 INFO      TOPAZ            ** Execution from Topaz with options **
13:27:37.892 INFO      TOPAZ            ***************************************
13:27:37.892 INFO      TOPAZ            Using repository: false
13:27:37.892 INFO      TOPAZ            ***************************************
13:27:37.893 INFO      Engine           Test Scenario execution started
13:27:37.893 INFO      Engine           Using context settings:
  Engine Version                : 20.9.1.v20211213-1238_91
  Environment id                : 192.168.96.130:16196
  Environment type              : Batch
  Operating system              : ZOS
  zOS agent version             : NEWEST
  Server address                : 192.168.96.130
  Server port                   : 16196
  Job execution timeout seconds : 300
  Job info interval seconds     : 3
  Socket read timeout           : 30
  Encoding                      : ISO8859-1
  Codepage                      : 
  Host user Id                  : HDDRXM0
  Use Repository Server         : false
13:27:37.893 INFO      Engine           Setting variables from context and context data extensions
13:27:37.893 INFO      Engine             id: environmentId      value: 192.168.96.130:16196
13:27:37.893 INFO      Engine             id: environmentType    value: BATCH
13:27:37.893 INFO      Engine             id: userId             value: HDDRXM0
13:27:37.893 INFO      Engine             id: accountingInfo     value: 
13:27:37.894 INFO      Unittest         Interpreting Unittest of module: CWDEMCB2 testscenario path: CWDEMCB2_Scenario1.testscenario
13:27:37.900 INFO      Unittest         Static JCL is being used, path is: C:/Users/rnuesse/Compuware/Workbench/workspace_release_test/Virtualized/CWDEMCB2/JCL/Runner_CWCC.jcl
13:27:42.676 INFO      CWCC             Sending Job execution request to Host 
13:27:48.056 INFO      CWCC             Job execution completed with status:
  Job status     : COMPLETED
  Job status msg : Job HDDRXM0T(J0223432) ended with return code: 0000
  Job name       : HDDRXM0T
  Job id         : J0223432
  Return code    : 0000
  Abend code     : 
  Abend reason   : 
13:27:49.807 INFO      Unittest         Execution completed
13:27:49.808 INFO      Engine           Test Scenario execution ended
