14:50:20.796 INFO      TOPAZ            ***************************************
14:50:20.797 INFO      TOPAZ            ** Execution from Topaz with options **
14:50:20.797 INFO      TOPAZ            ***************************************
14:50:20.797 INFO      TOPAZ            Using repository: true
14:50:20.797 INFO      TOPAZ            Repository URL: http://cwcc.nasa.cpwr.corp:2020/totaltestapi/
14:50:20.797 INFO      TOPAZ            ***************************************
14:50:20.798 INFO      Engine           Test Scenario execution started
14:50:20.798 INFO      Engine           Using context settings:
  Engine Version                : 20.7
  Environment id                : 192.168.96.130:16196
  Environment type              : Batch
  Operating system              : ZOS
  zOS agent version             : NEWEST
  Server address                : 192.168.96.130
  Server port                   : 16196
  Job execution timeout seconds : 300
  Job info interval seconds     : 3
  Socket read timeout           : 30
  Encoding                      : ISO8859-1
  Codepage                      : IBM-1047
  Host user Id                  : HDDRXM0
  Use Repository Server         : true
14:50:20.798 INFO      Engine           Setting variables from context and context data extensions
14:50:20.799 INFO      Engine             id: environmentId      value: 192.168.96.130:16196
14:50:20.799 INFO      Engine             id: environmentType    value: BATCH
14:50:20.799 INFO      Engine             id: userId             value: HDDRXM0
14:50:20.799 INFO      Engine             id: accountingInfo     value: 
14:50:20.799 INFO      Unittest         Interpreting Unittest of module: CWXTVSKS testscenario path: CWXTVSKS_Scenario.testscenario
14:50:20.807 INFO      Unittest         Using JCL skeleton to submit JCL
14:50:26.457 INFO      CWCC             Sending Job execution request to Host 
14:50:31.851 INFO      CWCC             Job execution completed with status:
  Job status     : COMPLETED
  Job status msg : Job HDDRXM0T(J0164141) ended with return code: 0000
  Job name       : HDDRXM0T
  Job id         : J0164141
  Return code    : 0000
  Abend code     : 
  Abend reason   : 
14:50:34.008 INFO      Unittest         Execution completed
14:50:34.009 INFO      Engine           Test Scenario execution ended
