14:13:08.582 INFO      TOPAZ            ***************************************
14:13:08.582 INFO      TOPAZ            ** Execution from Topaz with options **
14:13:08.583 INFO      TOPAZ            ***************************************
14:13:08.583 INFO      TOPAZ            Using repository: false
14:13:08.583 INFO      TOPAZ            ***************************************
14:13:08.584 INFO      Engine           Test Scenario execution started
14:13:08.584 INFO      Engine           Using context settings:
  Engine Version                : 20.9.1.v20211213-1238_91
  Environment id                : 192.168.96.130:16196
  Environment type              : Batch
  Operating system              : ZOS
  zOS agent version             : NEWEST
  Server address                : 192.168.96.130
  Server port                   : 16196
  Job execution timeout seconds : 600
  Job info interval seconds     : 3
  Socket read timeout           : 30
  Encoding                      : ISO8859-1
  Codepage                      : 
  Host user Id                  : HDDRXM0
  Use Repository Server         : false
14:13:08.585 INFO      Engine           Setting variables from context and context data extensions
14:13:08.585 INFO      Engine             id: environmentId      value: 192.168.96.130:16196
14:13:08.585 INFO      Engine             id: environmentType    value: BATCH
14:13:08.585 INFO      Engine             id: userId             value: HDDRXM0
14:13:08.585 INFO      Engine             id: accountingInfo     value: 
14:13:08.586 INFO      Unittest         Interpreting Unittest of module: LGACDB01 testscenario path: LGACDB01_Scenario.testscenario
14:13:08.595 INFO      Unittest         Using JCL skeleton to submit JCL
14:13:13.258 INFO      CWCC             Sending Job execution request to Host 
14:13:18.638 INFO      CWCC             Job execution completed with status:
  Job status     : ABEND
  Job status msg : Job HDDRXM0T(J0224458) ended with ABEND code: U0901
  Job name       : HDDRXM0T
  Job id         : J0224458
  Return code    : 
  Abend code     : S000
  Abend reason   : U0901
14:13:20.397 INFO      Unittest         Execution completed
14:13:20.398 INFO      Engine           Test Scenario execution ended
