14:48:44.361 INFO      TOPAZ            ***************************************
14:48:44.361 INFO      TOPAZ            ** Execution from Topaz with options **
14:48:44.361 INFO      TOPAZ            ***************************************
14:48:44.361 INFO      TOPAZ            Using repository: true
14:48:44.362 INFO      TOPAZ            Repository URL: http://cwcc.nasa.cpwr.corp:2020/totaltestapi/
14:48:44.362 INFO      TOPAZ            ***************************************
14:48:44.362 INFO      Engine           Test Scenario execution started
14:48:44.362 INFO      Engine           Using context settings:
  Engine Version                : 20.7
  Environment id                : 192.168.96.130:16196
  Environment type              : Batch
  Operating system              : ZOS
  zOS agent version             : NEWEST
  Server address                : 192.168.96.130
  Server port                   : 16196
  Job execution timeout seconds : 300
  Job info interval seconds     : 3
  Socket read timeout           : 30
  Encoding                      : ISO8859-1
  Codepage                      : IBM-1047
  Host user Id                  : HDDRXM0
  Use Repository Server         : true
14:48:44.362 INFO      Engine           Setting variables from context and context data extensions
14:48:44.363 INFO      Engine             id: environmentId      value: 192.168.96.130:16196
14:48:44.363 INFO      Engine             id: environmentType    value: BATCH
14:48:44.363 INFO      Engine             id: userId             value: HDDRXM0
14:48:44.363 INFO      Engine             id: accountingInfo     value: 
14:48:44.363 INFO      Unittest         Interpreting Unittest of module: CWXTSDB2 testscenario path: CWXTSDB2_Scenario.testscenario
14:48:44.369 INFO      Unittest         Using JCL skeleton to submit JCL
14:48:50.051 INFO      CWCC             Sending Job execution request to Host 
14:48:55.448 INFO      CWCC             Job execution completed with status:
  Job status     : COMPLETED
  Job status msg : Job HDDRXM0T(J0164138) ended with return code: 0000
  Job name       : HDDRXM0T
  Job id         : J0164138
  Return code    : 0000
  Abend code     : 
  Abend reason   : 
14:48:57.250 INFO      Unittest         Execution completed
14:48:57.251 INFO      Engine           Test Scenario execution ended
