12:24:43.885 INFO      TOPAZ            ***************************************
12:24:43.886 INFO      TOPAZ            ** Execution from Topaz with options **
12:24:43.886 INFO      TOPAZ            ***************************************
12:24:43.886 INFO      TOPAZ            Using repository: true
12:24:43.886 INFO      TOPAZ            Repository URL: http://cwcc.nasa.cpwr.corp:2020/totaltestapi/
12:24:43.886 INFO      TOPAZ            ***************************************
12:24:43.887 INFO      Engine           Test Scenario execution started
12:24:43.887 INFO      Engine           Using context settings:
  Engine Version                : 20.9.2.v20220119-0531_125
  Environment id                : 5b508b8a787be73b59238d38
  Environment type              : Batch
  Operating system              : ZOS
  zOS agent version             : NEWEST
  Server address                : cwcc.nasa.cpwr.corp
  Server port                   : 16196
  Job execution timeout seconds : 600
  Job info interval seconds     : 3
  Socket read timeout           : 30
  Encoding                      : ISO8859-1
  Codepage                      : IBM-1047
  Host user Id                  : HDDRXM0
  Use Repository Server         : false
12:24:43.887 INFO      Engine           Setting variables from context and context data extensions
12:24:43.887 INFO      Engine             id: environmentId      value: 5b508b8a787be73b59238d38
12:24:43.887 INFO      Engine             id: environmentType    value: BATCH
12:24:43.887 INFO      Engine             id: userId             value: HDDRXM0
12:24:43.887 INFO      Engine             id: accountingInfo     value: 
12:24:43.888 INFO      Unittest         Interpreting Unittest of module: CWDEMCCH testscenario path: CWDEMCCH_Scenario3.testscenario
12:24:43.895 INFO      Unittest         Using JCL skeleton to submit JCL
12:24:48.663 INFO      CWCC Batch       Sending Job execution request to Host 
12:24:54.058 INFO      CWCC Batch       Job execution completed with status:
  Job status     : COMPLETED
  Job status msg : Job HDDRXM0A(J0261553) ended with return code: 0000
  Job name       : HDDRXM0A
  Job id         : J0261553
  Return code    : 0000
  Abend code     : 
  Abend reason   : 
12:24:56.002 INFO      Unittest         Execution completed
12:24:56.003 INFO      Engine           Test Scenario execution ended
