13:21:11.797 INFO      TOPAZ            ***************************************
13:21:11.797 INFO      TOPAZ            ** Execution from Topaz with options **
13:21:11.797 INFO      TOPAZ            ***************************************
13:21:11.797 INFO      TOPAZ            Using repository: false
13:21:11.798 INFO      TOPAZ            ***************************************
13:21:11.799 INFO      Engine           Test Scenario execution started
13:21:11.799 INFO      Engine           Using context settings:
  Engine Version                : 20.9.2.v20220119-0531_125
  Environment id                : 192.168.96.142:16196
  Environment type              : Batch
  Operating system              : ZOS
  zOS agent version             : NEWEST
  Server address                : 192.168.96.142
  Server port                   : 16196
  Job execution timeout seconds : 300
  Job info interval seconds     : 3
  Socket read timeout           : 30
  Encoding                      : ISO8859-1
  Codepage                      : 
  Host user Id                  : HDDRXM0
  Use Repository Server         : false
13:21:11.799 INFO      Engine           Setting variables from context and context data extensions
13:21:11.799 INFO      Engine             id: environmentId      value: 192.168.96.142:16196
13:21:11.799 INFO      Engine             id: environmentType    value: BATCH
13:21:11.799 INFO      Engine             id: userId             value: HDDRXM0
13:21:11.799 INFO      Engine             id: accountingInfo     value: 
13:21:11.799 INFO      Unittest         Interpreting Unittest of module: CWXTCOBP testscenario path: CWXTCOBP_Scenario.testscenario
13:21:11.805 INFO      Unittest         Using JCL skeleton to submit JCL
13:21:17.260 INFO      CWC2             Sending Job execution request to Host 
13:21:22.712 INFO      CWC2             Job execution completed with status:
  Job status     : COMPLETED
  Job status msg : Job HDDRXM0T(J0254293) ended with return code: 0000
  Job name       : HDDRXM0T
  Job id         : J0254293
  Return code    : 0000
  Abend code     : 
  Abend reason   : 
13:21:25.105 INFO      Unittest         Execution completed
13:21:25.105 INFO      Engine           Test Scenario execution ended
