14:17:55.643 INFO      TOPAZ            ***************************************
14:17:55.644 INFO      TOPAZ            ** Execution from Topaz with options **
14:17:55.644 INFO      TOPAZ            ***************************************
14:17:55.644 INFO      TOPAZ            Using repository: false
14:17:55.644 INFO      TOPAZ            ***************************************
14:17:55.645 INFO      Engine           Test Scenario execution started
14:17:55.645 INFO      Engine           Using context settings:
  Engine Version                : 20.9.1.v20211213-1238_91
  Environment id                : 192.168.96.130:16196
  Environment type              : Batch
  Operating system              : ZOS
  zOS agent version             : NEWEST
  Server address                : 192.168.96.130
  Server port                   : 16196
  Job execution timeout seconds : 600
  Job info interval seconds     : 3
  Socket read timeout           : 30
  Encoding                      : ISO8859-1
  Codepage                      : 
  Host user Id                  : HDDRXM0
  Use Repository Server         : false
14:17:55.645 INFO      Engine           Setting variables from context and context data extensions
14:17:55.645 INFO      Engine             id: environmentId      value: 192.168.96.130:16196
14:17:55.645 INFO      Engine             id: environmentType    value: BATCH
14:17:55.646 INFO      Engine             id: userId             value: HDDRXM0
14:17:55.646 INFO      Engine             id: accountingInfo     value: 
14:17:55.646 INFO      Unittest         Interpreting Unittest of module: CWXTEMP testscenario path: CWXTEMP_Scenario.testscenario
14:17:55.651 INFO      Unittest         Using JCL skeleton to submit JCL
14:18:00.936 INFO      CWCC             Sending Job execution request to Host 
14:18:06.328 INFO      CWCC             Job execution completed with status:
  Job status     : COMPLETED
  Job status msg : Job HDDRXM0T(J0223457) ended with return code: 0000
  Job name       : HDDRXM0T
  Job id         : J0223457
  Return code    : 0000
  Abend code     : 
  Abend reason   : 
14:18:08.535 INFO      Unittest         Execution completed
14:18:08.536 INFO      Engine           Test Scenario execution ended
