14:00:37.048 INFO      TOPAZ            ***************************************
14:00:37.049 INFO      TOPAZ            ** Execution from Topaz with options **
14:00:37.049 INFO      TOPAZ            ***************************************
14:00:37.049 INFO      TOPAZ            Using repository: false
14:00:37.049 INFO      TOPAZ            ***************************************
14:00:37.050 INFO      Engine           Test Scenario execution started
14:00:37.050 INFO      Engine           Using context settings:
  Engine Version                : 20.9.1.v20211213-1238_91
  Environment id                : 192.168.96.130:16196
  Environment type              : Batch
  Operating system              : ZOS
  zOS agent version             : NEWEST
  Server address                : 192.168.96.130
  Server port                   : 16196
  Job execution timeout seconds : 600
  Job info interval seconds     : 3
  Socket read timeout           : 30
  Encoding                      : ISO8859-1
  Codepage                      : 
  Host user Id                  : HDDRXM0
  Use Repository Server         : false
14:00:37.050 INFO      Engine           Setting variables from context and context data extensions
14:00:37.050 INFO      Engine             id: environmentId      value: 192.168.96.130:16196
14:00:37.050 INFO      Engine             id: environmentType    value: BATCH
14:00:37.050 INFO      Engine             id: userId             value: HDDRXM0
14:00:37.050 INFO      Engine             id: accountingInfo     value: 
14:00:37.050 INFO      Unittest         Interpreting Unittest of module: CWXTCOB testscenario path: CWXTCOB_Scenario.testscenario
14:00:37.056 INFO      Unittest         Using JCL skeleton to submit JCL
14:00:43.902 INFO      CWCC             Sending Job execution request to Host 
14:00:49.476 INFO      CWCC             Job execution completed with status:
  Job status     : COMPLETED
  Job status msg : Job HDDRXM0T(J0223453) ended with return code: 0000
  Job name       : HDDRXM0T
  Job id         : J0223453
  Return code    : 0000
  Abend code     : 
  Abend reason   : 
14:00:51.478 INFO      Unittest         Execution completed
14:00:51.479 INFO      Engine           Test Scenario execution ended
