13:23:43.334 INFO      TOPAZ            ***************************************
13:23:43.335 INFO      TOPAZ            ** Execution from Topaz with options **
13:23:43.335 INFO      TOPAZ            ***************************************
13:23:43.335 INFO      TOPAZ            Using repository: false
13:23:43.335 INFO      TOPAZ            ***************************************
13:23:43.336 INFO      Engine           Test Scenario execution started
13:23:43.336 INFO      Engine           Using context settings:
  Engine Version                : 20.9.2.v20220119-0531_125
  Environment id                : 192.168.96.142:16196
  Environment type              : Batch
  Operating system              : ZOS
  zOS agent version             : NEWEST
  Server address                : 192.168.96.142
  Server port                   : 16196
  Job execution timeout seconds : 300
  Job info interval seconds     : 3
  Socket read timeout           : 30
  Encoding                      : ISO8859-1
  Codepage                      : 
  Host user Id                  : HDDRXM0
  Use Repository Server         : false
13:23:43.337 INFO      Engine           Setting variables from context and context data extensions
13:23:43.337 INFO      Engine             id: environmentId      value: 192.168.96.142:16196
13:23:43.337 INFO      Engine             id: environmentType    value: BATCH
13:23:43.337 INFO      Engine             id: userId             value: HDDRXM0
13:23:43.337 INFO      Engine             id: accountingInfo     value: 
13:23:43.338 INFO      Unittest         Interpreting Unittest of module: CWXTCOBP testscenario path: CWXTCOBP_Scenario.testscenario
13:23:43.340 INFO      Unittest         Using JCL skeleton to submit JCL
13:23:49.833 INFO      CWC2             Sending Job execution request to Host 
13:23:55.290 INFO      CWC2             Job execution completed with status:
  Job status     : COMPLETED
  Job status msg : Job HDDRXM0T(J0254294) ended with return code: 0000
  Job name       : HDDRXM0T
  Job id         : J0254294
  Return code    : 0000
  Abend code     : 
  Abend reason   : 
13:23:57.812 INFO      Unittest         Execution completed
13:23:57.812 INFO      Engine           Test Scenario execution ended
