13:25:21.899 INFO      TOPAZ            ***************************************
13:25:21.900 INFO      TOPAZ            ** Execution from Topaz with options **
13:25:21.900 INFO      TOPAZ            ***************************************
13:25:21.900 INFO      TOPAZ            Using repository: false
13:25:21.901 INFO      TOPAZ            ***************************************
13:25:21.901 INFO      Engine           Test Scenario execution started
13:25:21.901 INFO      Engine           Using context settings:
  Engine Version                : 20.9.2.v20220119-0531_125
  Environment id                : 192.168.96.130:16196
  Environment type              : Batch
  Operating system              : ZOS
  zOS agent version             : NEWEST
  Server address                : 192.168.96.130
  Server port                   : 16196
  Job execution timeout seconds : 600
  Job info interval seconds     : 3
  Socket read timeout           : 30
  Encoding                      : ISO8859-1
  Codepage                      : 
  Host user Id                  : HDDRXM0
  Use Repository Server         : false
13:25:21.902 INFO      Engine           Setting variables from context and context data extensions
13:25:21.902 INFO      Engine             id: environmentId      value: 192.168.96.130:16196
13:25:21.902 INFO      Engine             id: environmentType    value: BATCH
13:25:21.902 INFO      Engine             id: userId             value: HDDRXM0
13:25:21.902 INFO      Engine             id: accountingInfo     value: 
13:25:21.903 INFO      Unittest         Interpreting Unittest of module: CWXTCOBP testscenario path: CWXTCOBP_Scenario.testscenario
13:25:21.905 INFO      Unittest         Using JCL skeleton to submit JCL
13:25:27.116 INFO      CWCC             Sending Job execution request to Host 
13:25:32.543 INFO      CWCC             Job execution completed with status:
  Job status     : COMPLETED
  Job status msg : Job HDDRXM0T(J0254297) ended with return code: 0000
  Job name       : HDDRXM0T
  Job id         : J0254297
  Return code    : 0000
  Abend code     : 
  Abend reason   : 
13:25:34.977 INFO      Unittest         Execution completed
13:25:34.978 INFO      Engine           Test Scenario execution ended
